read(0, "ls\n", 1024)                   = 3
clone(child_stack=NULL, flags=CLONE_CHILD_CLEARTID|CLONE_CHILD_SETTID|SIGCHLD, child_tidptr=0x750bff2ffa10) = 83369
wait4(83369, NULL, 0, NULL)             = 83369
--- SIGCHLD {si_signo=SIGCHLD, si_code=CLD_EXITED, si_pid=83369, si_uid=1000, si_status=0, si_utime=0, si_stime=0} ---
wait4(-1, NULL, WNOHANG, NULL)          = -1 ECHILD (No child processes)
write(1, "\n", 1)                       = 1
rt_sigreturn({mask=[]})                 = 83369
write(1, "$$ 3230shell ## ", 16)        = 16
read(0, "cd Utility\n", 1024)           = 11
chdir("Utility")                        = 0
write(1, "$$ 3230shell ## ", 16)        = 16
read(0, "cd Happy\n", 1024)             = 9
chdir("Happy")                          = -1 ENOENT (No such file or directory)
write(1, " Happy: no such directory\n", 26) = 26
write(1, "$$ 3230shell ## ", 16)        = 16
read(0, "ls\n", 1024)                   = 3
clone(child_stack=NULL, flags=CLONE_CHILD_CLEARTID|CLONE_CHILD_SETTID|SIGCHLD, child_tidptr=0x750bff2ffa10) = 83388
wait4(83388, NULL, 0, NULL)             = 83388
--- SIGCHLD {si_signo=SIGCHLD, si_code=CLD_EXITED, si_pid=83388, si_uid=1000, si_status=0, si_utime=0, si_stime=0} ---
wait4(-1, NULL, WNOHANG, NULL)          = -1 ECHILD (No child processes)
write(1, "\n", 1)                       = 1
rt_sigreturn({mask=[]})                 = 83388
write(1, "$$ 3230shell ## ", 16)        = 16
read(0, 0x60c08e98ece0, 1024)           = ? ERESTARTSYS (To be restarted if SA_RESTART is set)
--- SIGINT {si_signo=SIGINT, si_code=SI_KERNEL} ---
kill(83388, SIGTERM)                    = -1 ESRCH (No such process)
write(1, "\n", 1)                       = 1
rt_sigreturn({mask=[]})                 = -1 EINTR (Interrupted system call)
write(1, "$$ 3230shell ## ", 16)        = 16
read(0, 0x60c08e98ece0, 1024)           = ? ERESTARTSYS (To be restarted if SA_RESTART is set)
--- SIGINT {si_signo=SIGINT, si_code=SI_KERNEL} ---
kill(83388, SIGTERM)                    = -1 ESRCH (No such process)
write(1, "\n", 1)                       = 1
rt_sigreturn({mask=[]})                 = -1 EINTR (Interrupted system call)
write(1, "$$ 3230shell ## ", 16)        = 16
read(0, 0x60c08e98ece0, 1024)           = ? ERESTARTSYS (To be restarted if SA_RESTART is set)
--- SIGINT {si_signo=SIGINT, si_code=SI_KERNEL} ---
kill(83388, SIGTERM)                    = -1 ESRCH (No such process)
write(1, "\n", 1)                       = 1
rt_sigreturn({mask=[]})                 = -1 EINTR (Interrupted system call)
write(1, "$$ 3230shell ## ", 16)        = 16
read(0, "exit\n", 1024)                 = 5
exit_group(0)                           = ?
+++ exited with 0 +++
